<html>
<head>
<title>TestNG:  Test</title>
<link href="../testng.css" rel="stylesheet" type="text/css" />
<link href="../my-testng.css" rel="stylesheet" type="text/css" />

<style type="text/css">
.log { display: none;} 
.stack-trace { display: none;} 
</style>
<script type="text/javascript">
<!--
function flip(e) {
  current = e.style.display;
  if (current == 'block') {
    e.style.display = 'none';
    return 0;
  }
  else {
    e.style.display = 'block';
    return 1;
  }
}

function toggleBox(szDivId, elem, msg1, msg2)
{
  var res = -1;  if (document.getElementById) {
    res = flip(document.getElementById(szDivId));
  }
  else if (document.all) {
    // this is the way old msie versions work
    res = flip(document.all[szDivId]);
  }
  if(elem) {
    if(res == 0) elem.innerHTML = msg1; else elem.innerHTML = msg2;
  }

}

function toggleAllBoxes() {
  if (document.getElementsByTagName) {
    d = document.getElementsByTagName('div');
    for (i = 0; i < d.length; i++) {
      if (d[i].className == 'log') {
        flip(d[i]);
      }
    }
  }
}

// -->
</script>

</head>
<body>
<h2 align='center'>Test</h2><table border='1' align="center">
<tr>
<td>Tests passed/Failed/Skipped:</td><td>3/4/0</td>
</tr><tr>
<td>Started on:</td><td>Tue Jun 17 18:57:05 WIB 2025</td>
</tr>
<tr><td>Total time:</td><td>41 seconds (41282 ms)</td>
</tr><tr>
<td>Included groups:</td><td></td>
</tr><tr>
<td>Excluded groups:</td><td></td>
</tr>
</table><p/>
<small><i>(Hover the method name to see the test class name)</i></small><p/>
<table width='100%' border='1' class='invocation-failed'>
<tr><td colspan='4' align='center'><b>FAILED TESTS</b></td></tr>
<tr><td><b>Test method</b></td>
<td><b>Attribute(s)</b></td>
<td width="30%"><b>Exception</b></td>
<td width="10%"><b>Time (seconds)</b></td>
<td><b>Instance</b></td>
</tr>
<tr>
<td title='com.juaracoding.apitest.runners.Runner.runScenario()'><b>runScenario</b><br>Test class: com.juaracoding.apitest.runners.Runner<br>Test method: Runs Cucumber Scenarios<br>Parameters: "TC004 - Tambah produk ke keranjang", "Daftar Produk"</td>
<td><div><pre>java.lang.IndexOutOfBoundsException: Index 0 out of bounds for length 0
	at java.base/jdk.internal.util.Preconditions.outOfBounds(Preconditions.java:64)
	at java.base/jdk.internal.util.Preconditions.outOfBoundsCheckIndex(Preconditions.java:70)
	at java.base/jdk.internal.util.Preconditions.checkIndex(Preconditions.java:266)
	at java.base/java.util.Objects.checkIndex(Objects.java:359)
	at java.base/java.util.ArrayList.get(ArrayList.java:427)
	at org.openqa.selenium.support.pagefactory.internal.LocatingElementListHandler.invoke(LocatingElementListHandler.java:39)
	at jdk.proxy2/jdk.proxy2.$Proxy25.get(Unknown Source)
	at com.juaracoding.apitest.pages.ProdukListPage.clickAddToCartFirstItem(ProdukListPage.java:41)
	at com.juaracoding.apitest.steps.CartStep.tambah_produk(CartStep.java:32)
	at ?.Pengguna menambahkan satu produk ke keranjang(file:///F:/SQA/CucumberRestAssuredEcommerce/src/test/resources/features/DaftarProduk.feature:9)
... Removed 4 stack frames</pre></div><a href='#' onClick='toggleBox("stack-trace1328388446", this, "Click to show all stack frames", "Click to hide stack frames")'>Click to show all stack frames</a>
<div class='stack-trace' id='stack-trace1328388446'><pre>java.lang.IndexOutOfBoundsException: Index 0 out of bounds for length 0
	at java.base/jdk.internal.util.Preconditions.outOfBounds(Preconditions.java:64)
	at java.base/jdk.internal.util.Preconditions.outOfBoundsCheckIndex(Preconditions.java:70)
	at java.base/jdk.internal.util.Preconditions.checkIndex(Preconditions.java:266)
	at java.base/java.util.Objects.checkIndex(Objects.java:359)
	at java.base/java.util.ArrayList.get(ArrayList.java:427)
	at java.base/jdk.internal.reflect.NativeMethodAccessorImpl.invoke0(Native Method)
	at java.base/jdk.internal.reflect.NativeMethodAccessorImpl.invoke(NativeMethodAccessorImpl.java:77)
	at java.base/jdk.internal.reflect.DelegatingMethodAccessorImpl.invoke(DelegatingMethodAccessorImpl.java:43)
	at java.base/java.lang.reflect.Method.invoke(Method.java:568)
	at org.openqa.selenium.support.pagefactory.internal.LocatingElementListHandler.invoke(LocatingElementListHandler.java:39)
	at jdk.proxy2/jdk.proxy2.$Proxy25.get(Unknown Source)
	at com.juaracoding.apitest.pages.ProdukListPage.clickAddToCartFirstItem(ProdukListPage.java:41)
	at com.juaracoding.apitest.steps.CartStep.tambah_produk(CartStep.java:32)
	at ?.Pengguna menambahkan satu produk ke keranjang(file:///F:/SQA/CucumberRestAssuredEcommerce/src/test/resources/features/DaftarProduk.feature:9)
</pre></div></td>
<td>4</td>
<td>com.juaracoding.apitest.runners.Runner@409bf450</td></tr>
<tr>
<td title='com.juaracoding.apitest.runners.Runner.runScenario()'><b>runScenario</b><br>Test class: com.juaracoding.apitest.runners.Runner<br>Test method: Runs Cucumber Scenarios<br>Parameters: "TC005 - Isi informasi checkout", "Daftar Produk"</td>
<td><div><pre>java.lang.AssertionError: expected [true] but found [false]
	at com.juaracoding.apitest.steps.CheckoutPage.berada_di_keranjang(CheckoutPage.java:20)
	at ?.Pengguna berada di halaman keranjang(file:///F:/SQA/CucumberRestAssuredEcommerce/src/test/resources/features/DaftarProduk.feature:18)
... Removed 4 stack frames</pre></div><a href='#' onClick='toggleBox("stack-trace10523395", this, "Click to show all stack frames", "Click to hide stack frames")'>Click to show all stack frames</a>
<div class='stack-trace' id='stack-trace10523395'><pre>java.lang.AssertionError: expected [true] but found [false]
	at org.testng.Assert.fail(Assert.java:111)
	at org.testng.Assert.failNotEquals(Assert.java:1578)
	at org.testng.Assert.assertTrue(Assert.java:57)
	at org.testng.Assert.assertTrue(Assert.java:67)
	at com.juaracoding.apitest.steps.CheckoutPage.berada_di_keranjang(CheckoutPage.java:20)
	at ?.Pengguna berada di halaman keranjang(file:///F:/SQA/CucumberRestAssuredEcommerce/src/test/resources/features/DaftarProduk.feature:18)
</pre></div></td>
<td>4</td>
<td>com.juaracoding.apitest.runners.Runner@409bf450</td></tr>
<tr>
<td title='com.juaracoding.apitest.runners.Runner.runScenario()'><b>runScenario</b><br>Test class: com.juaracoding.apitest.runners.Runner<br>Test method: Runs Cucumber Scenarios<br>Parameters: "TC007 - Logout dari sistem", "Daftar Produk"</td>
<td><div><pre>org.openqa.selenium.NoSuchElementException: no such element: Unable to locate element: {&quot;method&quot;:&quot;css selector&quot;,&quot;selector&quot;:&quot;#react\-burger\-menu\-btn&quot;}
  (Session info: MicrosoftEdge=137.0.3296.68)
For documentation on this error, please visit: https://www.selenium.dev/documentation/webdriver/troubleshooting/errors#no-such-element-exception
Build info: version: &apos;4.26.0&apos;, revision: &apos;8ccf0219d7&apos;
System info: os.name: &apos;Windows 11&apos;, os.arch: &apos;amd64&apos;, os.version: &apos;10.0&apos;, java.version: &apos;17.0.12&apos;
Driver info: org.openqa.selenium.edge.EdgeDriver
Command: [f53a49c135071d517fa3ec06953b60a5, findElement {value=react-burger-menu-btn, using=id}]
Capabilities {acceptInsecureCerts: false, browserName: MicrosoftEdge, browserVersion: 137.0.3296.68, fedcm:accounts: true, ms:edgeOptions: {debuggerAddress: localhost:56518}, msedge: {msedgedriverVersion: 137.0.3296.83 (24e00e9cccf2..., userDataDir: C:\Users\VazeX\AppData\Loca...}, networkConnectionEnabled: false, pageLoadStrategy: normal, platformName: windows, proxy: Proxy(), se:cdp: ws://localhost:56518/devtoo..., se:cdpVersion: 137.0.3296.68, setWindowRect: true, strictFileInteractability: false, timeouts: {implicit: 0, pageLoad: 300000, script: 30000}, unhandledPromptBehavior: dismiss and notify, webauthn:extension:credBlob: true, webauthn:extension:largeBlob: true, webauthn:extension:minPinLength: true, webauthn:extension:prf: true, webauthn:virtualAuthenticators: true}
Session ID: f53a49c135071d517fa3ec06953b60a5
	at org.openqa.selenium.remote.ErrorCodec.decode(ErrorCodec.java:167)
	at org.openqa.selenium.remote.codec.w3c.W3CHttpResponseCodec.decode(W3CHttpResponseCodec.java:138)
	at org.openqa.selenium.remote.codec.w3c.W3CHttpResponseCodec.decode(W3CHttpResponseCodec.java:50)
	at org.openqa.selenium.remote.HttpCommandExecutor.execute(HttpCommandExecutor.java:190)
	at org.openqa.selenium.remote.service.DriverCommandExecutor.invokeExecute(DriverCommandExecutor.java:216)
	at org.openqa.selenium.remote.service.DriverCommandExecutor.execute(DriverCommandExecutor.java:174)
	at org.openqa.selenium.remote.RemoteWebDriver.execute(RemoteWebDriver.java:545)
	at org.openqa.selenium.remote.ElementLocation$ElementFinder$2.findElement(ElementLocation.java:165)
	at org.openqa.selenium.remote.ElementLocation.findElement(ElementLocation.java:59)
	at org.openqa.selenium.remote.RemoteWebDriver.findElement(RemoteWebDriver.java:368)
	at org.openqa.selenium.remote.RemoteWebDriver.findElement(RemoteWebDriver.java:362)
	at com.juaracoding.apitest.steps.LogoutStep.pengguna_logout(LogoutStep.java:24)
	at ?.Pengguna klik menu dan memilih logout(file:///F:/SQA/CucumberRestAssuredEcommerce/src/test/resources/features/DaftarProduk.feature:30)
... Removed 5 stack frames</pre></div><a href='#' onClick='toggleBox("stack-trace870593736", this, "Click to show all stack frames", "Click to hide stack frames")'>Click to show all stack frames</a>
<div class='stack-trace' id='stack-trace870593736'><pre>org.openqa.selenium.NoSuchElementException: no such element: Unable to locate element: {&quot;method&quot;:&quot;css selector&quot;,&quot;selector&quot;:&quot;#react\-burger\-menu\-btn&quot;}
  (Session info: MicrosoftEdge=137.0.3296.68)
For documentation on this error, please visit: https://www.selenium.dev/documentation/webdriver/troubleshooting/errors#no-such-element-exception
Build info: version: &apos;4.26.0&apos;, revision: &apos;8ccf0219d7&apos;
System info: os.name: &apos;Windows 11&apos;, os.arch: &apos;amd64&apos;, os.version: &apos;10.0&apos;, java.version: &apos;17.0.12&apos;
Driver info: org.openqa.selenium.edge.EdgeDriver
Command: [f53a49c135071d517fa3ec06953b60a5, findElement {value=react-burger-menu-btn, using=id}]
Capabilities {acceptInsecureCerts: false, browserName: MicrosoftEdge, browserVersion: 137.0.3296.68, fedcm:accounts: true, ms:edgeOptions: {debuggerAddress: localhost:56518}, msedge: {msedgedriverVersion: 137.0.3296.83 (24e00e9cccf2..., userDataDir: C:\Users\VazeX\AppData\Loca...}, networkConnectionEnabled: false, pageLoadStrategy: normal, platformName: windows, proxy: Proxy(), se:cdp: ws://localhost:56518/devtoo..., se:cdpVersion: 137.0.3296.68, setWindowRect: true, strictFileInteractability: false, timeouts: {implicit: 0, pageLoad: 300000, script: 30000}, unhandledPromptBehavior: dismiss and notify, webauthn:extension:credBlob: true, webauthn:extension:largeBlob: true, webauthn:extension:minPinLength: true, webauthn:extension:prf: true, webauthn:virtualAuthenticators: true}
Session ID: f53a49c135071d517fa3ec06953b60a5
	at java.base/jdk.internal.reflect.NativeConstructorAccessorImpl.newInstance0(Native Method)
	at java.base/jdk.internal.reflect.NativeConstructorAccessorImpl.newInstance(NativeConstructorAccessorImpl.java:77)
	at java.base/jdk.internal.reflect.DelegatingConstructorAccessorImpl.newInstance(DelegatingConstructorAccessorImpl.java:45)
	at java.base/java.lang.reflect.Constructor.newInstanceWithCaller(Constructor.java:499)
	at java.base/java.lang.reflect.Constructor.newInstance(Constructor.java:480)
	at org.openqa.selenium.remote.ErrorCodec.decode(ErrorCodec.java:167)
	at org.openqa.selenium.remote.codec.w3c.W3CHttpResponseCodec.decode(W3CHttpResponseCodec.java:138)
	at org.openqa.selenium.remote.codec.w3c.W3CHttpResponseCodec.decode(W3CHttpResponseCodec.java:50)
	at org.openqa.selenium.remote.HttpCommandExecutor.execute(HttpCommandExecutor.java:190)
	at org.openqa.selenium.remote.service.DriverCommandExecutor.invokeExecute(DriverCommandExecutor.java:216)
	at org.openqa.selenium.remote.service.DriverCommandExecutor.execute(DriverCommandExecutor.java:174)
	at org.openqa.selenium.remote.RemoteWebDriver.execute(RemoteWebDriver.java:545)
	at org.openqa.selenium.remote.ElementLocation$ElementFinder$2.findElement(ElementLocation.java:165)
	at org.openqa.selenium.remote.ElementLocation.findElement(ElementLocation.java:59)
	at org.openqa.selenium.remote.RemoteWebDriver.findElement(RemoteWebDriver.java:368)
	at org.openqa.selenium.remote.RemoteWebDriver.findElement(RemoteWebDriver.java:362)
	at com.juaracoding.apitest.steps.LogoutStep.pengguna_logout(LogoutStep.java:24)
	at ?.Pengguna klik menu dan memilih logout(file:///F:/SQA/CucumberRestAssuredEcommerce/src/test/resources/features/DaftarProduk.feature:30)
</pre></div></td>
<td>4</td>
<td>com.juaracoding.apitest.runners.Runner@409bf450</td></tr>
<tr>
<td title='com.juaracoding.apitest.runners.Runner.runScenario()'><b>runScenario</b><br>Test class: com.juaracoding.apitest.runners.Runner<br>Test method: Runs Cucumber Scenarios<br>Parameters: "TC006 - Selesaikan proses checkout", "Daftar Produk"</td>
<td><div><pre>java.lang.AssertionError: expected [true] but found [false]
	at com.juaracoding.apitest.steps.OverviewPage.di_ringkasan(OverviewPage.java:23)
	at ?.Pengguna berada di halaman ringkasan checkout(file:///F:/SQA/CucumberRestAssuredEcommerce/src/test/resources/features/DaftarProduk.feature:25)
... Removed 4 stack frames</pre></div><a href='#' onClick='toggleBox("stack-trace28318221", this, "Click to show all stack frames", "Click to hide stack frames")'>Click to show all stack frames</a>
<div class='stack-trace' id='stack-trace28318221'><pre>java.lang.AssertionError: expected [true] but found [false]
	at org.testng.Assert.fail(Assert.java:111)
	at org.testng.Assert.failNotEquals(Assert.java:1578)
	at org.testng.Assert.assertTrue(Assert.java:57)
	at org.testng.Assert.assertTrue(Assert.java:67)
	at com.juaracoding.apitest.steps.OverviewPage.di_ringkasan(OverviewPage.java:23)
	at ?.Pengguna berada di halaman ringkasan checkout(file:///F:/SQA/CucumberRestAssuredEcommerce/src/test/resources/features/DaftarProduk.feature:25)
</pre></div></td>
<td>4</td>
<td>com.juaracoding.apitest.runners.Runner@409bf450</td></tr>
</table><p>
<table width='100%' border='1' class='invocation-passed'>
<tr><td colspan='4' align='center'><b>PASSED TESTS</b></td></tr>
<tr><td><b>Test method</b></td>
<td><b>Attribute(s)</b></td>
<td width="30%"><b>Exception</b></td>
<td width="10%"><b>Time (seconds)</b></td>
<td><b>Instance</b></td>
</tr>
<tr>
<td title='com.juaracoding.apitest.runners.Runner.runScenario()'><b>runScenario</b><br>Test class: com.juaracoding.apitest.runners.Runner<br>Test method: Runs Cucumber Scenarios<br>Parameters: "Login dengan kredensial yang tidak valid", "Authentication feature test"</td>
<td></td>
<td>4</td>
<td>com.juaracoding.apitest.runners.Runner@409bf450</td></tr>
<tr>
<td title='com.juaracoding.apitest.runners.Runner.runScenario()'><b>runScenario</b><br>Test class: com.juaracoding.apitest.runners.Runner<br>Test method: Runs Cucumber Scenarios<br>Parameters: "Verifikasi daftar produk ditampilkan setelah login", "Daftar Produk"</td>
<td></td>
<td>5</td>
<td>com.juaracoding.apitest.runners.Runner@409bf450</td></tr>
<tr>
<td title='com.juaracoding.apitest.runners.Runner.runScenario()'><b>runScenario</b><br>Test class: com.juaracoding.apitest.runners.Runner<br>Test method: Runs Cucumber Scenarios<br>Parameters: "Login dengan kredensial yang valid", "Authentication feature test"</td>
<td></td>
<td>9</td>
<td>com.juaracoding.apitest.runners.Runner@409bf450</td></tr>
</table><p>
</body>
</html>